----------------------------------------
Exception occurred during processing of request from ('127.0.0.1', 8529)
Traceback (most recent call last):
  File "C:\ProgramData\anaconda3\Lib\socketserver.py", line 691, in process_request_thread
    self.finish_request(request, client_address)
  File "C:\ProgramData\anaconda3\Lib\socketserver.py", line 361, in finish_request
    self.RequestHandlerClass(request, client_address, self)
  File "D:\OH-WorkSpace\novel-prompt-guide\server.py", line 805, in __init__
    {chars[:300] if chars else ""}
            ^^^^^^^^^^^^^^^^^^^^^^^
  File "C:\ProgramData\anaconda3\Lib\http\server.py", line 671, in __init__
    super().__init__(*args, **kwargs)
  File "C:\ProgramData\anaconda3\Lib\socketserver.py", line 755, in __init__
    self.handle()
  File "C:\ProgramData\anaconda3\Lib\http\server.py", line 436, in handle
    self.handle_one_request()
  File "C:\ProgramData\anaconda3\Lib\http\server.py", line 424, in handle_one_request
    method()
  File "D:\OH-WorkSpace\novel-prompt-guide\server.py", line 828, in do_GET
    - µÚŇ»¶ÎľÍŇŞ×Ą×ˇ¶ÁŐßŁ¨ĐüÄî/łĺÍ»/»­ĂćŁ©
              ^^^^^^^^^^^^^^^^^^^^^
  File "D:\OH-WorkSpace\novel-prompt-guide\server.py", line 1036, in _json
    remember_request(_generation_request_cache, request_key, response)
  File "C:\ProgramData\anaconda3\Lib\socketserver.py", line 834, in write
    self._sock.sendall(b)
ConnectionAbortedError: [WinError 10053] ÄăµÄÖ÷»úÖĐµÄČíĽţÖĐÖąÁËŇ»¸öŇŃ˝¨Á˘µÄÁ¬˝ÓˇŁ
----------------------------------------
----------------------------------------
Exception occurred during processing of request from ('127.0.0.1', 9621)
Traceback (most recent call last):
  File "C:\ProgramData\anaconda3\Lib\socketserver.py", line 691, in process_request_thread
    self.finish_request(request, client_address)
  File "C:\ProgramData\anaconda3\Lib\socketserver.py", line 361, in finish_request
    self.RequestHandlerClass(request, client_address, self)
  File "D:\OH-WorkSpace\novel-prompt-guide\server.py", line 805, in __init__
    {chars[:300] if chars else ""}
            ^^^^^^^^^^^^^^^^^^^^^^^
  File "C:\ProgramData\anaconda3\Lib\http\server.py", line 671, in __init__
    super().__init__(*args, **kwargs)
  File "C:\ProgramData\anaconda3\Lib\socketserver.py", line 755, in __init__
    self.handle()
  File "C:\ProgramData\anaconda3\Lib\http\server.py", line 436, in handle
    self.handle_one_request()
  File "C:\ProgramData\anaconda3\Lib\http\server.py", line 424, in handle_one_request
    method()
  File "D:\OH-WorkSpace\novel-prompt-guide\server.py", line 839, in do_GET
    super().__init__(*args, directory=WEB_DIR, **kwargs)
        ^^^^^^^^^^^^^^^^^^^^^^^^^^^^^^^^^^^^^^^
  File "D:\OH-WorkSpace\novel-prompt-guide\server.py", line 1036, in _json
    remember_request(_generation_request_cache, request_key, response)
  File "C:\ProgramData\anaconda3\Lib\socketserver.py", line 834, in write
    self._sock.sendall(b)
ConnectionAbortedError: [WinError 10053] ÄăµÄÖ÷»úÖĐµÄČíĽţÖĐÖąÁËŇ»¸öŇŃ˝¨Á˘µÄÁ¬˝ÓˇŁ
----------------------------------------
----------------------------------------
Exception occurred during processing of request from ('127.0.0.1', 2702)
Traceback (most recent call last):
  File "C:\ProgramData\anaconda3\Lib\socketserver.py", line 691, in process_request_thread
    self.finish_request(request, client_address)
  File "C:\ProgramData\anaconda3\Lib\socketserver.py", line 361, in finish_request
    self.RequestHandlerClass(request, client_address, self)
  File "D:\OH-WorkSpace\novel-prompt-guide\server.py", line 805, in __init__
    {chars[:300] if chars else ""}
            ^^^^^^^^^^^^^^^^^^^^^^^
  File "C:\ProgramData\anaconda3\Lib\http\server.py", line 671, in __init__
    super().__init__(*args, **kwargs)
  File "C:\ProgramData\anaconda3\Lib\socketserver.py", line 755, in __init__
    self.handle()
  File "C:\ProgramData\anaconda3\Lib\http\server.py", line 436, in handle
    self.handle_one_request()
  File "C:\ProgramData\anaconda3\Lib\http\server.py", line 424, in handle_one_request
    method()
  File "D:\OH-WorkSpace\novel-prompt-guide\server.py", line 828, in do_GET
    - µÚŇ»¶ÎľÍŇŞ×Ą×ˇ¶ÁŐßŁ¨ĐüÄî/łĺÍ»/»­ĂćŁ©
              ^^^^^^^^^^^^^^^^^^^^^
  File "D:\OH-WorkSpace\novel-prompt-guide\server.py", line 1036, in _json
    remember_request(_generation_request_cache, request_key, response)
  File "C:\ProgramData\anaconda3\Lib\socketserver.py", line 834, in write
    self._sock.sendall(b)
ConnectionAbortedError: [WinError 10053] ÄăµÄÖ÷»úÖĐµÄČíĽţÖĐÖąÁËŇ»¸öŇŃ˝¨Á˘µÄÁ¬˝ÓˇŁ
----------------------------------------
----------------------------------------
Exception occurred during processing of request from ('127.0.0.1', 2705)
Traceback (most recent call last):
  File "C:\ProgramData\anaconda3\Lib\socketserver.py", line 691, in process_request_thread
    self.finish_request(request, client_address)
  File "C:\ProgramData\anaconda3\Lib\socketserver.py", line 361, in finish_request
    self.RequestHandlerClass(request, client_address, self)
  File "D:\OH-WorkSpace\novel-prompt-guide\server.py", line 805, in __init__
    {chars[:300] if chars else ""}
            ^^^^^^^^^^^^^^^^^^^^^^^
  File "C:\ProgramData\anaconda3\Lib\http\server.py", line 671, in __init__
    super().__init__(*args, **kwargs)
  File "C:\ProgramData\anaconda3\Lib\socketserver.py", line 755, in __init__
    self.handle()
  File "C:\ProgramData\anaconda3\Lib\http\server.py", line 436, in handle
    self.handle_one_request()
  File "C:\ProgramData\anaconda3\Lib\http\server.py", line 424, in handle_one_request
    method()
  File "D:\OH-WorkSpace\novel-prompt-guide\server.py", line 839, in do_GET
    super().__init__(*args, directory=WEB_DIR, **kwargs)
        ^^^^^^^^^^^^^^^^^^^^^^^^^^^^^^^^^^^^^^^
  File "D:\OH-WorkSpace\novel-prompt-guide\server.py", line 1036, in _json
    remember_request(_generation_request_cache, request_key, response)
  File "C:\ProgramData\anaconda3\Lib\socketserver.py", line 834, in write
    self._sock.sendall(b)
ConnectionAbortedError: [WinError 10053] ÄăµÄÖ÷»úÖĐµÄČíĽţÖĐÖąÁËŇ»¸öŇŃ˝¨Á˘µÄÁ¬˝ÓˇŁ
----------------------------------------
----------------------------------------
Exception occurred during processing of request from ('127.0.0.1', 3865)
Traceback (most recent call last):
  File "C:\ProgramData\anaconda3\Lib\socketserver.py", line 691, in process_request_thread
    self.finish_request(request, client_address)
  File "C:\ProgramData\anaconda3\Lib\socketserver.py", line 361, in finish_request
    self.RequestHandlerClass(request, client_address, self)
  File "D:\OH-WorkSpace\novel-prompt-guide\server.py", line 805, in __init__
    wb = ctx.get("worldbuilding", "")
        ^^^^^^^^^^^^^^^^^^^^^^^^^^^^^^
  File "C:\ProgramData\anaconda3\Lib\http\server.py", line 671, in __init__
    super().__init__(*args, **kwargs)
  File "C:\ProgramData\anaconda3\Lib\socketserver.py", line 755, in __init__
    self.handle()
  File "C:\ProgramData\anaconda3\Lib\http\server.py", line 436, in handle
    self.handle_one_request()
  File "C:\ProgramData\anaconda3\Lib\http\server.py", line 424, in handle_one_request
    method()
  File "D:\OH-WorkSpace\novel-prompt-guide\server.py", line 822, in do_GET
  File "D:\OH-WorkSpace\novel-prompt-guide\server.py", line 1036, in _json
    recent_request, owns_request = begin_request(_generation_request_cache, request_key, GENERATION_CACHE_TTL)
    ^^^^^^^^^^^^^^^^^^^^^^^^^^^^^^^^^^^^^^^^^^^^^^^^^^^^^^^^^^^^^^^^^^^^^^
  File "C:\ProgramData\anaconda3\Lib\socketserver.py", line 834, in write
    self._sock.sendall(b)
ConnectionAbortedError: [WinError 10053] ÄăµÄÖ÷»úÖĐµÄČíĽţÖĐÖąÁËŇ»¸öŇŃ˝¨Á˘µÄÁ¬˝ÓˇŁ
----------------------------------------
